<?xml version="1.0" encoding="UTF-8"?>
<testng-results ignored="0" total="1" passed="1" failed="0" skipped="0">
  <reporter-output>
  </reporter-output>
  <suite started-at="2026-06-17T21:49:43 IST" name="API Suite" finished-at="2026-06-17T21:49:45 IST" duration-ms="1456">
    <groups>
    </groups>
    <test started-at="2026-06-17T21:49:43 IST" name="API Tests" finished-at="2026-06-17T21:49:45 IST" duration-ms="1456">
      <class name="tests.UserApiTest">
        <test-method signature="getUsersTest()[pri:0, instance:tests.UserApiTest@15c43bd9]" started-at="2026-06-17T21:49:43 IST" name="getUsersTest" finished-at="2026-06-17T21:49:45 IST" duration-ms="1425" status="PASS">
          <reporter-output>
          </reporter-output>
        </test-method> <!-- getUsersTest -->
      </class> <!-- tests.UserApiTest -->
    </test> <!-- API Tests -->
  </suite> <!-- API Suite -->
</testng-results>
